{"C:\\Users\\kozar\\Desktop\\calendarTest\\calendar.js": {"path":"C:\\Users\\kozar\\Desktop\\calendarTest\\calendar.js","statementMap":{"0":{"start":{"line":1,"column":0},"end":{"line":150,"column":3}},"1":{"start":{"line":2,"column":25},"end":{"line":2,"column":65}},"2":{"start":{"line":3,"column":19},"end":{"line":6,"column":5}},"3":{"start":{"line":7,"column":23},"end":{"line":7,"column":65}},"4":{"start":{"line":8,"column":24},"end":{"line":8,"column":28}},"5":{"start":{"line":10,"column":26},"end":{"line":10,"column":28}},"6":{"start":{"line":11,"column":22},"end":{"line":11,"column":24}},"7":{"start":{"line":15,"column":8},"end":{"line":15,"column":36}},"8":{"start":{"line":16,"column":8},"end":{"line":68,"column":11}},"9":{"start":{"line":17,"column":35},"end":{"line":17,"column":64}},"10":{"start":{"line":18,"column":12},"end":{"line":18,"column":60}},"11":{"start":{"line":20,"column":30},"end":{"line":20,"column":58}},"12":{"start":{"line":21,"column":12},"end":{"line":21,"column":42}},"13":{"start":{"line":22,"column":12},"end":{"line":22,"column":50}},"14":{"start":{"line":24,"column":34},"end":{"line":24,"column":65}},"15":{"start":{"line":25,"column":12},"end":{"line":25,"column":58}},"16":{"start":{"line":27,"column":30},"end":{"line":27,"column":58}},"17":{"start":{"line":28,"column":12},"end":{"line":32,"column":15}},"18":{"start":{"line":29,"column":27},"end":{"line":29,"column":55}},"19":{"start":{"line":30,"column":16},"end":{"line":30,"column":37}},"20":{"start":{"line":31,"column":16},"end":{"line":31,"column":42}},"21":{"start":{"line":33,"column":12},"end":{"line":33,"column":49}},"22":{"start":{"line":35,"column":29},"end":{"line":35,"column":69}},"23":{"start":{"line":36,"column":32},"end":{"line":36,"column":77}},"24":{"start":{"line":38,"column":22},"end":{"line":38,"column":50}},"25":{"start":{"line":39,"column":12},"end":{"line":41,"column":13}},"26":{"start":{"line":39,"column":25},"end":{"line":39,"column":26}},"27":{"start":{"line":40,"column":16},"end":{"line":40,"column":62}},"28":{"start":{"line":43,"column":12},"end":{"line":60,"column":13}},"29":{"start":{"line":43,"column":27},"end":{"line":43,"column":28}},"30":{"start":{"line":44,"column":32},"end":{"line":44,"column":60}},"31":{"start":{"line":45,"column":16},"end":{"line":45,"column":42}},"32":{"start":{"line":47,"column":32},"end":{"line":47,"column":118}},"33":{"start":{"line":49,"column":16},"end":{"line":51,"column":17}},"34":{"start":{"line":50,"column":20},"end":{"line":50,"column":55}},"35":{"start":{"line":53,"column":16},"end":{"line":53,"column":86}},"36":{"start":{"line":53,"column":56},"end":{"line":53,"column":84}},"37":{"start":{"line":54,"column":16},"end":{"line":54,"column":41}},"38":{"start":{"line":56,"column":16},"end":{"line":59,"column":17}},"39":{"start":{"line":57,"column":20},"end":{"line":57,"column":51}},"40":{"start":{"line":58,"column":20},"end":{"line":58,"column":55}},"41":{"start":{"line":62,"column":12},"end":{"line":64,"column":13}},"42":{"start":{"line":63,"column":16},"end":{"line":63,"column":47}},"43":{"start":{"line":66,"column":12},"end":{"line":66,"column":54}},"44":{"start":{"line":67,"column":12},"end":{"line":67,"column":53}},"45":{"start":{"line":70,"column":4},"end":{"line":70,"column":35}},"46":{"start":{"line":72,"column":4},"end":{"line":72,"column":46}},"47":{"start":{"line":75,"column":27},"end":{"line":75,"column":94}},"48":{"start":{"line":77,"column":8},"end":{"line":91,"column":9}},"49":{"start":{"line":78,"column":12},"end":{"line":78,"column":37}},"50":{"start":{"line":80,"column":24},"end":{"line":80,"column":51}},"51":{"start":{"line":81,"column":12},"end":{"line":84,"column":16}},"52":{"start":{"line":86,"column":12},"end":{"line":86,"column":33}},"53":{"start":{"line":87,"column":12},"end":{"line":87,"column":54}},"54":{"start":{"line":89,"column":12},"end":{"line":89,"column":23}},"55":{"start":{"line":90,"column":12},"end":{"line":90,"column":29}},"56":{"start":{"line":93,"column":4},"end":{"line":93,"column":40}},"57":{"start":{"line":96,"column":35},"end":{"line":96,"column":70}},"58":{"start":{"line":97,"column":24},"end":{"line":97,"column":54}},"59":{"start":{"line":99,"column":8},"end":{"line":103,"column":9}},"60":{"start":{"line":99,"column":21},"end":{"line":99,"column":22}},"61":{"start":{"line":100,"column":31},"end":{"line":100,"column":52}},"62":{"start":{"line":101,"column":12},"end":{"line":101,"column":47}},"63":{"start":{"line":102,"column":12},"end":{"line":102,"column":55}},"64":{"start":{"line":106,"column":8},"end":{"line":115,"column":9}},"65":{"start":{"line":106,"column":25},"end":{"line":106,"column":26}},"66":{"start":{"line":107,"column":12},"end":{"line":107,"column":47}},"67":{"start":{"line":108,"column":12},"end":{"line":108,"column":75}},"68":{"start":{"line":110,"column":12},"end":{"line":114,"column":13}},"69":{"start":{"line":110,"column":25},"end":{"line":110,"column":26}},"70":{"start":{"line":111,"column":34},"end":{"line":111,"column":55}},"71":{"start":{"line":112,"column":16},"end":{"line":112,"column":50}},"72":{"start":{"line":113,"column":16},"end":{"line":113,"column":59}},"73":{"start":{"line":117,"column":4},"end":{"line":117,"column":46}},"74":{"start":{"line":119,"column":8},"end":{"line":119,"column":130}},"75":{"start":{"line":121,"column":4},"end":{"line":121,"column":31}},"76":{"start":{"line":124,"column":20},"end":{"line":124,"column":47}},"77":{"start":{"line":125,"column":26},"end":{"line":125,"column":51}},"78":{"start":{"line":126,"column":8},"end":{"line":132,"column":9}},"79":{"start":{"line":127,"column":31},"end":{"line":127,"column":52}},"80":{"start":{"line":128,"column":12},"end":{"line":128,"column":73}},"81":{"start":{"line":129,"column":12},"end":{"line":129,"column":63}},"82":{"start":{"line":130,"column":12},"end":{"line":130,"column":64}},"83":{"start":{"line":131,"column":12},"end":{"line":131,"column":67}},"84":{"start":{"line":134,"column":4},"end":{"line":134,"column":34}},"85":{"start":{"line":137,"column":27},"end":{"line":142,"column":9}},"86":{"start":{"line":143,"column":20},"end":{"line":143,"column":47}},"87":{"start":{"line":144,"column":8},"end":{"line":144,"column":62}},"88":{"start":{"line":146,"column":4},"end":{"line":146,"column":29}},"89":{"start":{"line":148,"column":4},"end":{"line":148,"column":20}},"90":{"start":{"line":149,"column":4},"end":{"line":149,"column":21}}},"fnMap":{"0":{"name":"(anonymous_0)","decl":{"start":{"line":1,"column":46},"end":{"line":1,"column":47}},"loc":{"start":{"line":1,"column":58},"end":{"line":150,"column":1}},"line":1},"1":{"name":"renderCalendar","decl":{"start":{"line":14,"column":13},"end":{"line":14,"column":27}},"loc":{"start":{"line":14,"column":30},"end":{"line":69,"column":5}},"line":14},"2":{"name":"(anonymous_2)","decl":{"start":{"line":16,"column":23},"end":{"line":16,"column":24}},"loc":{"start":{"line":16,"column":41},"end":{"line":68,"column":9}},"line":16},"3":{"name":"(anonymous_3)","decl":{"start":{"line":28,"column":31},"end":{"line":28,"column":32}},"loc":{"start":{"line":28,"column":38},"end":{"line":32,"column":13}},"line":28},"4":{"name":"(anonymous_4)","decl":{"start":{"line":53,"column":50},"end":{"line":53,"column":51}},"loc":{"start":{"line":53,"column":56},"end":{"line":53,"column":84}},"line":53},"5":{"name":"handleDateSelection","decl":{"start":{"line":74,"column":13},"end":{"line":74,"column":32}},"loc":{"start":{"line":74,"column":42},"end":{"line":92,"column":5}},"line":74},"6":{"name":"highlightPeriodAndPredict","decl":{"start":{"line":95,"column":13},"end":{"line":95,"column":38}},"loc":{"start":{"line":95,"column":53},"end":{"line":116,"column":5}},"line":95},"7":{"name":"formatDate","decl":{"start":{"line":118,"column":13},"end":{"line":118,"column":23}},"loc":{"start":{"line":118,"column":30},"end":{"line":120,"column":5}},"line":118},"8":{"name":"loadSavedData","decl":{"start":{"line":123,"column":13},"end":{"line":123,"column":26}},"loc":{"start":{"line":123,"column":29},"end":{"line":133,"column":5}},"line":123},"9":{"name":"saveData","decl":{"start":{"line":136,"column":13},"end":{"line":136,"column":21}},"loc":{"start":{"line":136,"column":24},"end":{"line":145,"column":5}},"line":136}},"branchMap":{"0":{"loc":{"start":{"line":49,"column":16},"end":{"line":51,"column":17}},"type":"if","locations":[{"start":{"line":49,"column":16},"end":{"line":51,"column":17}},{"start":{},"end":{}}],"line":49},"1":{"loc":{"start":{"line":56,"column":16},"end":{"line":59,"column":17}},"type":"if","locations":[{"start":{"line":56,"column":16},"end":{"line":59,"column":17}},{"start":{},"end":{}}],"line":56},"2":{"loc":{"start":{"line":62,"column":12},"end":{"line":64,"column":13}},"type":"if","locations":[{"start":{"line":62,"column":12},"end":{"line":64,"column":13}},{"start":{},"end":{}}],"line":62},"3":{"loc":{"start":{"line":77,"column":8},"end":{"line":91,"column":9}},"type":"if","locations":[{"start":{"line":77,"column":8},"end":{"line":91,"column":9}},{"start":{},"end":{}}],"line":77},"4":{"loc":{"start":{"line":126,"column":8},"end":{"line":132,"column":9}},"type":"if","locations":[{"start":{"line":126,"column":8},"end":{"line":132,"column":9}},{"start":{},"end":{}}],"line":126},"5":{"loc":{"start":{"line":128,"column":29},"end":{"line":128,"column":72}},"type":"binary-expr","locations":[{"start":{"line":128,"column":29},"end":{"line":128,"column":54}},{"start":{"line":128,"column":58},"end":{"line":128,"column":72}}],"line":128},"6":{"loc":{"start":{"line":129,"column":30},"end":{"line":129,"column":62}},"type":"binary-expr","locations":[{"start":{"line":129,"column":30},"end":{"line":129,"column":56}},{"start":{"line":129,"column":60},"end":{"line":129,"column":62}}],"line":129},"7":{"loc":{"start":{"line":130,"column":26},"end":{"line":130,"column":63}},"type":"binary-expr","locations":[{"start":{"line":130,"column":26},"end":{"line":130,"column":48}},{"start":{"line":130,"column":52},"end":{"line":130,"column":63}}],"line":130},"8":{"loc":{"start":{"line":131,"column":27},"end":{"line":131,"column":66}},"type":"binary-expr","locations":[{"start":{"line":131,"column":27},"end":{"line":131,"column":50}},{"start":{"line":131,"column":54},"end":{"line":131,"column":66}}],"line":131}},"s":{"0":1,"1":0,"2":0,"3":0,"4":0,"5":0,"6":0,"7":0,"8":0,"9":0,"10":0,"11":0,"12":0,"13":0,"14":0,"15":0,"16":0,"17":0,"18":0,"19":0,"20":0,"21":0,"22":0,"23":0,"24":0,"25":0,"26":0,"27":0,"28":0,"29":0,"30":0,"31":0,"32":0,"33":0,"34":0,"35":0,"36":0,"37":0,"38":0,"39":0,"40":0,"41":0,"42":0,"43":0,"44":0,"45":0,"46":0,"47":0,"48":0,"49":0,"50":0,"51":0,"52":0,"53":0,"54":0,"55":0,"56":0,"57":0,"58":0,"59":0,"60":0,"61":0,"62":0,"63":0,"64":0,"65":0,"66":0,"67":0,"68":0,"69":0,"70":0,"71":0,"72":0,"73":0,"74":0,"75":0,"76":0,"77":0,"78":0,"79":0,"80":0,"81":0,"82":0,"83":0,"84":0,"85":0,"86":0,"87":0,"88":0,"89":0,"90":0},"f":{"0":0,"1":0,"2":0,"3":0,"4":0,"5":0,"6":0,"7":0,"8":0,"9":0},"b":{"0":[0,0],"1":[0,0],"2":[0,0],"3":[0,0],"4":[0,0],"5":[0,0],"6":[0,0],"7":[0,0],"8":[0,0]},"_coverageSchema":"1a1c01bbd47fc00a2c39e90264f33305004495a9","hash":"237275ee3621924ecf6b17bf85c33b88869f6c4d"}
}
